  main.cpp
D:\program files (x86)\Microsoft Visual Studio\2019\Community\VC\Tools\MSVC\14.29.30133\include\list(1594,1): error C2678: 二进制“==”: 没有找到接受“const _Ty”类型的左操作数的运算符(或没有可接受的转换)
          with
          [
              _Ty=Person
          ]
D:\VisualStudioWorkPlace\demo_9_13_2\demo_9_13_2\main.cpp(33,7): message : 可能是“bool Person::operator ==(const Person &)”
D:\program files (x86)\Microsoft Visual Studio\2019\Community\VC\Tools\MSVC\14.29.30133\include\list(1594,1): message : 尝试匹配参数列表“(const _Ty, const _Ty)”时
          with
          [
              _Ty=Person
          ]
D:\program files (x86)\Microsoft Visual Studio\2019\Community\VC\Tools\MSVC\14.29.30133\include\list(1593): message : 在编译 类 模板 成员函数“auto std::list<Person,std::allocator<Person>>::remove(const _Ty &)”时
          with
          [
              _Ty=Person
          ]
D:\VisualStudioWorkPlace\demo_9_13_2\demo_9_13_2\main.cpp(58): message : 查看对正在编译的 类 模板 实例化“std::list<Person,std::allocator<Person>>”的引用
D:\program files (x86)\Microsoft Visual Studio\2019\Community\VC\Tools\MSVC\14.29.30133\include\list(1605,1): error C2451: 类型为“void”的条件表达式无效
D:\program files (x86)\Microsoft Visual Studio\2019\Community\VC\Tools\MSVC\14.29.30133\include\list(1605,22): message : void 类型的表达式不能转换为其他类型
D:\program files (x86)\Microsoft Visual Studio\2019\Community\VC\Tools\MSVC\14.29.30133\include\list(1594): message : 查看对正在编译的函数 模板 实例化“auto std::list<Person,std::allocator<Person>>::remove_if<std::list<Person,std::allocator<Person>>::remove::<lambda_1f5f748c494c18687aa1671b24bf511b>>(_Pr1)”的引用
          with
          [
              _Pr1=std::list<Person,std::allocator<Person>>::remove::<lambda_1f5f748c494c18687aa1671b24bf511b>
          ]
  main2.cpp
  正在生成代码...
